<?xml version="1.0" encoding="UTF-8" ?>
<testsuite tests="6" failures="0" name="com.test.tester.ChuyenXeTester" time="1.44" errors="0" skipped="0">
  <properties>
[...]
</properties>
  <testcase classname="com.test.tester.ChuyenXeTester" name="testDeleteChuyenXe" time="0.171"/>
  <testcase classname="com.test.tester.ChuyenXeTester" name="testCateCounter" time="0.522"/>
  <testcase classname="com.test.tester.ChuyenXeTester" name="testGetChuyenXe2" time="0.146"/>
  <testcase classname="com.test.tester.ChuyenXeTester" name="testGetChuyenXe3" time="0.105"/>
  <testcase classname="com.test.tester.ChuyenXeTester" name="testXeIdIsNotNull" time="0.327"/>
  <testcase classname="com.test.tester.ChuyenXeTester" name="testGetChuyenByID" time="0.169"/>
</testsuite>